Apache Ant(TM) version 1.10.10 compiled on April 12 2021
Buildfile: /Users/GripGlebe/jdeveloper/mywork/AspecjExamples/AJExamples/build.xml
Detected Java version: 1.8 in: /Library/Java/JavaVirtualMachines/adoptopenjdk-8.jdk/Contents/Home/jre
Detected OS: Mac OS X
parsing buildfile /Users/GripGlebe/jdeveloper/mywork/AspecjExamples/AJExamples/build.xml with URI = file:/Users/GripGlebe/jdeveloper/mywork/AspecjExamples/AJExamples/build.xml
Project base dir set to: /Users/GripGlebe/jdeveloper/mywork/AspecjExamples/AJExamples/src
parsing buildfile jar:file:/Users/GripGlebe/apache-ant-1.10.10/lib/ant.jar!/org/apache/tools/ant/antlib.xml with URI = jar:file:/Users/GripGlebe/apache-ant-1.10.10/lib/ant.jar!/org/apache/tools/ant/antlib.xml from a zip file
Override ignored for property "norun"
Build sequence for target(s) `spacewar' is [spacewar]
Complete build sequence is [spacewar, init.variables, bean, intro, intro-clone, intro-compare, intro-hash, observer, spacewar-demo, telecom, telecom-timing, tracing-none, tracing-1, tracing-2, tracing-3, aspectjtools.jar.available, aspectjrt.jar.available, init.taskdefs, init, tracing-lt, tjp, all, nonGui, tracing-adapter-ajc, Ajx, telecom-billing, tracing-bc, tracing-adapter, Ajx-run, clean, info, ]

spacewar:
Project base dir set to: /Users/GripGlebe/jdeveloper/mywork/AspecjExamples/AJExamples/src
  [antcall] calling target(s) [Ajx] in build file /Users/GripGlebe/jdeveloper/mywork/AspecjExamples/AJExamples/build.xml
parsing buildfile /Users/GripGlebe/jdeveloper/mywork/AspecjExamples/AJExamples/build.xml with URI = file:/Users/GripGlebe/jdeveloper/mywork/AspecjExamples/AJExamples/build.xml
Project base dir set to: /Users/GripGlebe/jdeveloper/mywork/AspecjExamples/AJExamples/src
Override ignored for property "norun"
Build sequence for target(s) `Ajx' is [init.variables, aspectjtools.jar.available, aspectjrt.jar.available, init.taskdefs, init, Ajx]
Complete build sequence is [init.variables, aspectjtools.jar.available, aspectjrt.jar.available, init.taskdefs, init, Ajx, bean, intro, intro-clone, intro-compare, intro-hash, observer, spacewar, spacewar-demo, telecom, telecom-timing, tracing-none, tracing-1, tracing-2, tracing-3, tracing-lt, tjp, all, nonGui, tracing-adapter-ajc, telecom-billing, tracing-bc, tracing-adapter, Ajx-run, clean, info, ]
  [antcall] Entering /Users/GripGlebe/jdeveloper/mywork/AspecjExamples/AJExamples/build.xml...
Build sequence for target(s) `Ajx' is [init.variables, aspectjtools.jar.available, aspectjrt.jar.available, init.taskdefs, init, Ajx]
Complete build sequence is [init.variables, aspectjtools.jar.available, aspectjrt.jar.available, init.taskdefs, init, Ajx, bean, intro, intro-clone, intro-compare, intro-hash, observer, spacewar, spacewar-demo, telecom, telecom-timing, tracing-none, tracing-1, tracing-2, tracing-3, tracing-lt, tjp, all, nonGui, tracing-adapter-ajc, telecom-billing, tracing-bc, tracing-adapter, Ajx-run, clean, info, ]

init.variables:
[available] Found: /Users/GripGlebe/jdeveloper/mywork/AspecjExamples/lib/aspectjtools.jar
[available] Found: /Users/GripGlebe/jdeveloper/mywork/AspecjExamples/lib/aspectjrt.jar

aspectjtools.jar.available:
Skipped because property 'aspectjtools.jar.available' set.

aspectjrt.jar.available:
Skipped because property 'aspectjrt.jar.available' set.

init.taskdefs:

init:

Ajx:
     [echo] ##### Ajx list=spacewar/debug.lst class=spacewar.Game
Project base dir set to: /Users/GripGlebe/jdeveloper/mywork/AspecjExamples/AJExamples/src
  [antcall] calling target(s) [clean] in build file /Users/GripGlebe/jdeveloper/mywork/AspecjExamples/AJExamples/build.xml
parsing buildfile /Users/GripGlebe/jdeveloper/mywork/AspecjExamples/AJExamples/build.xml with URI = file:/Users/GripGlebe/jdeveloper/mywork/AspecjExamples/AJExamples/build.xml
Project base dir set to: /Users/GripGlebe/jdeveloper/mywork/AspecjExamples/AJExamples/src
Override ignored for property "norun"
Build sequence for target(s) `clean' is [init.variables, aspectjtools.jar.available, aspectjrt.jar.available, init.taskdefs, init, clean]
Complete build sequence is [init.variables, aspectjtools.jar.available, aspectjrt.jar.available, init.taskdefs, init, clean, bean, intro, intro-clone, intro-compare, intro-hash, observer, spacewar, spacewar-demo, telecom, telecom-timing, tracing-none, tracing-1, tracing-2, tracing-3, tracing-lt, tjp, all, nonGui, tracing-adapter-ajc, Ajx, telecom-billing, tracing-bc, tracing-adapter, Ajx-run, info, ]
  [antcall] Entering /Users/GripGlebe/jdeveloper/mywork/AspecjExamples/AJExamples/build.xml...
Build sequence for target(s) `clean' is [init.variables, aspectjtools.jar.available, aspectjrt.jar.available, init.taskdefs, init, clean]
Complete build sequence is [init.variables, aspectjtools.jar.available, aspectjrt.jar.available, init.taskdefs, init, clean, bean, intro, intro-clone, intro-compare, intro-hash, observer, spacewar, spacewar-demo, telecom, telecom-timing, tracing-none, tracing-1, tracing-2, tracing-3, tracing-lt, tjp, all, nonGui, tracing-adapter-ajc, Ajx, telecom-billing, tracing-bc, tracing-adapter, Ajx-run, info, ]

init.variables:
Override ignored for property "ajc.adapter"
Override ignored for property "example.dir"
Override ignored for property "aspectj.lib.dir"
Override ignored for property "aspectjrt.jar"
Override ignored for property "aspectjtools.jar"
Override ignored for property "aspectjweaver.jar"
Override ignored for property "classes.dir"
Override ignored for property "jar.dir"
[available] Found: /Users/GripGlebe/jdeveloper/mywork/AspecjExamples/lib/aspectjtools.jar
Overriding previous definition of property "aspectjtools.jar.available"
[available] Found: /Users/GripGlebe/jdeveloper/mywork/AspecjExamples/lib/aspectjrt.jar
Overriding previous definition of property "aspectjrt.jar.available"
Override ignored for property "example.packages"

aspectjtools.jar.available:
Skipped because property 'aspectjtools.jar.available' set.

aspectjrt.jar.available:
Skipped because property 'aspectjrt.jar.available' set.

init.taskdefs:
Skipped because property 'taskdefs.init' set.

init:

clean:
   [delete] Deleting directory /Users/GripGlebe/jdeveloper/mywork/AspecjExamples/AJExamples/src/classes
   [delete] Deleting /Users/GripGlebe/jdeveloper/mywork/AspecjExamples/AJExamples/src/classes/.DS_Store
   [delete] Deleting /Users/GripGlebe/jdeveloper/mywork/AspecjExamples/AJExamples/src/classes/observer/Observer.class
   [delete] Deleting /Users/GripGlebe/jdeveloper/mywork/AspecjExamples/AJExamples/src/classes/observer/SubjectObserverProtocolImpl.class
   [delete] Deleting /Users/GripGlebe/jdeveloper/mywork/AspecjExamples/AJExamples/src/classes/observer/ColorLabel.class
   [delete] Deleting /Users/GripGlebe/jdeveloper/mywork/AspecjExamples/AJExamples/src/classes/observer/Display$1.class
   [delete] Deleting /Users/GripGlebe/jdeveloper/mywork/AspecjExamples/AJExamples/src/classes/observer/SubjectObserverProtocol.class
   [delete] Deleting /Users/GripGlebe/jdeveloper/mywork/AspecjExamples/AJExamples/src/classes/observer/Subject.class
   [delete] Deleting /Users/GripGlebe/jdeveloper/mywork/AspecjExamples/AJExamples/src/classes/observer/Demo.class
   [delete] Deleting /Users/GripGlebe/jdeveloper/mywork/AspecjExamples/AJExamples/src/classes/observer/Display.class
   [delete] Deleting /Users/GripGlebe/jdeveloper/mywork/AspecjExamples/AJExamples/src/classes/observer/Button$1.class
   [delete] Deleting /Users/GripGlebe/jdeveloper/mywork/AspecjExamples/AJExamples/src/classes/observer/Button.class
   [delete] Deleting directory /Users/GripGlebe/jdeveloper/mywork/AspecjExamples/AJExamples/src/classes/observer
   [delete] Deleting directory /Users/GripGlebe/jdeveloper/mywork/AspecjExamples/AJExamples/src/classes
   [delete] Deleting directory /Users/GripGlebe/jdeveloper/mywork/AspecjExamples/AJExamples/src/jars
   [delete] Deleting directory /Users/GripGlebe/jdeveloper/mywork/AspecjExamples/AJExamples/src/jars
    [mkdir] Created dir: /Users/GripGlebe/jdeveloper/mywork/AspecjExamples/AJExamples/src/classes
    [mkdir] Created dir: /Users/GripGlebe/jdeveloper/mywork/AspecjExamples/AJExamples/src/jars
  [antcall] Exiting /Users/GripGlebe/jdeveloper/mywork/AspecjExamples/AJExamples/build.xml.
     [iajc] ajc [-d, /Users/GripGlebe/jdeveloper/mywork/AspecjExamples/AJExamples/src/classes, -classpath, /Users/GripGlebe/jdeveloper/mywork/AspecjExamples/lib/aspectjrt.jar, -argfile, /Users/GripGlebe/jdeveloper/mywork/AspecjExamples/AJExamples/src/spacewar/debug.lst]
     [iajc] forking [/Library/Java/JavaVirtualMachines/adoptopenjdk-8.jdk/Contents/Home/jre/bin/java, -classpath, /Users/GripGlebe/jdeveloper/mywork/AspecjExamples/lib/aspectjtools.jar, org.aspectj.tools.ajc.Main, -d, /Users/GripGlebe/jdeveloper/mywork/AspecjExamples/AJExamples/src/classes, -classpath, /Users/GripGlebe/jdeveloper/mywork/AspecjExamples/lib/aspectjrt.jar, -argfile, /Users/GripGlebe/jdeveloper/mywork/AspecjExamples/AJExamples/src/spacewar/debug.lst]
Project base dir set to: /Users/GripGlebe/jdeveloper/mywork/AspecjExamples/AJExamples/src
    [param] Override ignored for norun
  [antcall] calling target(s) [Ajx-run] in build file /Users/GripGlebe/jdeveloper/mywork/AspecjExamples/AJExamples/build.xml
parsing buildfile /Users/GripGlebe/jdeveloper/mywork/AspecjExamples/AJExamples/build.xml with URI = file:/Users/GripGlebe/jdeveloper/mywork/AspecjExamples/AJExamples/build.xml
Project base dir set to: /Users/GripGlebe/jdeveloper/mywork/AspecjExamples/AJExamples/src
Override ignored for property "norun"
Build sequence for target(s) `Ajx-run' is [Ajx-run]
Complete build sequence is [Ajx-run, init.variables, bean, intro, intro-clone, intro-compare, intro-hash, observer, spacewar, spacewar-demo, telecom, telecom-timing, tracing-none, tracing-1, tracing-2, tracing-3, aspectjtools.jar.available, aspectjrt.jar.available, init.taskdefs, init, tracing-lt, tjp, all, nonGui, tracing-adapter-ajc, Ajx, telecom-billing, tracing-bc, tracing-adapter, clean, info, ]
  [antcall] Entering /Users/GripGlebe/jdeveloper/mywork/AspecjExamples/AJExamples/build.xml...
Build sequence for target(s) `Ajx-run' is [Ajx-run]
Complete build sequence is [Ajx-run, init.variables, bean, intro, intro-clone, intro-compare, intro-hash, observer, spacewar, spacewar-demo, telecom, telecom-timing, tracing-none, tracing-1, tracing-2, tracing-3, aspectjtools.jar.available, aspectjrt.jar.available, init.taskdefs, init, tracing-lt, tjp, all, nonGui, tracing-adapter-ajc, Ajx, telecom-billing, tracing-bc, tracing-adapter, clean, info, ]

Ajx-run:
Skipped because property 'norun' set.
  [antcall] Exiting /Users/GripGlebe/jdeveloper/mywork/AspecjExamples/AJExamples/build.xml.
  [antcall] Exiting /Users/GripGlebe/jdeveloper/mywork/AspecjExamples/AJExamples/build.xml.

BUILD SUCCESSFUL
Total time: 3 seconds
