Apache Ant(TM) version 1.10.10 compiled on April 12 2021
Buildfile: /Users/GripGlebe/jdeveloper/mywork/AspecjExamples/AJExamples/build.xml
Detected Java version: 1.8 in: /Library/Java/JavaVirtualMachines/adoptopenjdk-8.jdk/Contents/Home/jre
Detected OS: Mac OS X
parsing buildfile /Users/GripGlebe/jdeveloper/mywork/AspecjExamples/AJExamples/build.xml with URI = file:/Users/GripGlebe/jdeveloper/mywork/AspecjExamples/AJExamples/build.xml
Project base dir set to: /Users/GripGlebe/jdeveloper/mywork/AspecjExamples/AJExamples
parsing buildfile jar:file:/Users/GripGlebe/apache-ant-1.10.10/lib/ant.jar!/org/apache/tools/ant/antlib.xml with URI = jar:file:/Users/GripGlebe/apache-ant-1.10.10/lib/ant.jar!/org/apache/tools/ant/antlib.xml from a zip file
 [property] Loading /Users/GripGlebe/jdeveloper/mywork/AspecjExamples/AJExamples/build.properties
Override ignored for property "javac.deprecation"
Override ignored for property "output.dir"
Override ignored for property "oracle.commons"
Override ignored for property "install.dir"
Override ignored for property "norun"
Override ignored for property "oracle.home"
Override ignored for property "javac.debug"
Override ignored for property "javac.nowarn"
Build sequence for target(s) `aspectjrt.jar.available' is [init.variables, aspectjrt.jar.available]
Complete build sequence is [init.variables, aspectjrt.jar.available, bean, intro, intro-clone, intro-compare, intro-hash, observer, spacewar, spacewar-demo, telecom, telecom-timing, tracing-none, tracing-1, tracing-2, tracing-3, aspectjtools.jar.available, init.taskdefs, init, tracing-lt, tjp, all, nonGui, tracing-adapter-ajc, Ajx, telecom-billing, tracing-bc, tracing-adapter, Ajx-run, clean, info, ]

init.variables:
[available] Found: /Users/GripGlebe/jdeveloper/mywork/lib/aspectjtools.jar
[available] Found: /Users/GripGlebe/jdeveloper/mywork/lib/aspectjrt.jar

aspectjrt.jar.available:
Skipped because property 'aspectjrt.jar.available' set.

BUILD SUCCESSFUL
Total time: 0 seconds
