Executing Maven with the following:
 [/Library/Java/JavaVirtualMachines/adoptopenjdk-8.jdk/Contents/Home/bin/java, -Djavax.net.ssl.trustStore=/var/folders/j2/wrcj5bc56kg6lbtp7_2065t00000gp/T/trustStore797589859260040230.jks, -Dclassworlds.conf=/Users/GripGlebe/Oracle/Middleware/Oracle_Home/oracle_common/modules/org.apache.maven_3.2.5/bin/m2.conf, -classpath, /Users/GripGlebe/Oracle/Middleware/Oracle_Home/oracle_common/modules/org.apache.maven_3.2.5/boot/plexus-classworlds-2.5.2.jar:/Users/GripGlebe/Oracle/Middleware/Oracle_Home/oracle_common/modules/org.apache.maven_3.2.5/lib/jsr250-api-1.0.jar:/Users/GripGlebe/Oracle/Middleware/Oracle_Home/oracle_common/modules/org.apache.maven_3.2.5/lib/maven-core-3.2.5.jar:/Users/GripGlebe/Oracle/Middleware/Oracle_Home/oracle_common/modules/org.apache.maven_3.2.5/lib/javax.inject-1.jar:/Users/GripGlebe/Oracle/Middleware/Oracle_Home/oracle_common/modules/org.apache.maven_3.2.5/lib/commons-lang-2.6.jar:/Users/GripGlebe/Oracle/Middleware/Oracle_Home/oracle_common/modules/org.apache.maven_3.2.5/lib/slf4j-simple-1.7.5.jar:/Users/GripGlebe/Oracle/Middleware/Oracle_Home/oracle_common/modules/org.apache.maven_3.2.5/lib/maven-model-3.2.5.jar:/Users/GripGlebe/Oracle/Middleware/Oracle_Home/oracle_common/modules/org.apache.maven_3.2.5/lib/wagon-http-2.8-shaded.jar:/Users/GripGlebe/Oracle/Middleware/Oracle_Home/oracle_common/modules/org.apache.maven_3.2.5/lib/aether-transport-wagon-1.0.0.v20140518.jar:/Users/GripGlebe/Oracle/Middleware/Oracle_Home/oracle_common/modules/org.apache.maven_3.2.5/lib/maven-settings-3.2.5.jar:/Users/GripGlebe/Oracle/Middleware/Oracle_Home/oracle_common/modules/org.apache.maven_3.2.5/lib/wagon-http-shared-2.8.jar:/Users/GripGlebe/Oracle/Middleware/Oracle_Home/oracle_common/modules/org.apache.maven_3.2.5/lib/commons-io-2.2.jar:/Users/GripGlebe/Oracle/Middleware/Oracle_Home/oracle_common/modules/org.apache.maven_3.2.5/lib/jsoup-1.7.2.jar:/Users/GripGlebe/Oracle/Middleware/Oracle_Home/oracle_common/modules/org.apache.maven_3.2.5/lib/sisu-guice-3.2.3-no_aop.jar:/Users/GripGlebe/Oracle/Middleware/Oracle_Home/oracle_common/modules/org.apache.maven_3.2.5/lib/aether-spi-1.0.0.v20140518.jar:/Users/GripGlebe/Oracle/Middleware/Oracle_Home/oracle_common/modules/org.apache.maven_3.2.5/lib/maven-model-builder-3.2.5.jar:/Users/GripGlebe/Oracle/Middleware/Oracle_Home/oracle_common/modules/org.apache.maven_3.2.5/lib/maven-embedder-3.2.5.jar:/Users/GripGlebe/Oracle/Middleware/Oracle_Home/oracle_common/modules/org.apache.maven_3.2.5/lib/maven-repository-metadata-3.2.5.jar:/Users/GripGlebe/Oracle/Middleware/Oracle_Home/oracle_common/modules/org.apache.maven_3.2.5/lib/maven-artifact-3.2.5.jar:/Users/GripGlebe/Oracle/Middleware/Oracle_Home/oracle_common/modules/org.apache.maven_3.2.5/lib/commons-cli-1.2.jar:/Users/GripGlebe/Oracle/Middleware/Oracle_Home/oracle_common/modules/org.apache.maven_3.2.5/lib/maven-aether-provider-3.2.5.jar:/Users/GripGlebe/Oracle/Middleware/Oracle_Home/oracle_common/modules/org.apache.maven_3.2.5/lib/plexus-component-annotations-1.5.5.jar:/Users/GripGlebe/Oracle/Middleware/Oracle_Home/oracle_common/modules/org.apache.maven_3.2.5/lib/wagon-provider-api-2.8.jar:/Users/GripGlebe/Oracle/Middleware/Oracle_Home/oracle_common/modules/org.apache.maven_3.2.5/lib/cdi-api-1.0.jar:/Users/GripGlebe/Oracle/Middleware/Oracle_Home/oracle_common/modules/org.apache.maven_3.2.5/lib/plexus-sec-dispatcher-1.3.jar:/Users/GripGlebe/Oracle/Middleware/Oracle_Home/oracle_common/modules/org.apache.maven_3.2.5/lib/slf4j-api-1.7.5.jar:/Users/GripGlebe/Oracle/Middleware/Oracle_Home/oracle_common/modules/org.apache.maven_3.2.5/lib/guava-18.0.jar:/Users/GripGlebe/Oracle/Middleware/Oracle_Home/oracle_common/modules/org.apache.maven_3.2.5/lib/wagon-file-2.8.jar:/Users/GripGlebe/Oracle/Middleware/Oracle_Home/oracle_common/modules/org.apache.maven_3.2.5/lib/aether-impl-1.0.0.v20140518.jar:/Users/GripGlebe/Oracle/Middleware/Oracle_Home/oracle_common/modules/org.apache.maven_3.2.5/lib/aether-util-1.0.0.v20140518.jar:/Users/GripGlebe/Oracle/Middleware/Oracle_Home/oracle_common/modules/org.apache.maven_3.2.5/lib/aether-api-1.0.0.v20140518.jar:/Users/GripGlebe/Oracle/Middleware/Oracle_Home/oracle_common/modules/org.apache.maven_3.2.5/lib/org.eclipse.sisu.inject-0.3.0.M1.jar:/Users/GripGlebe/Oracle/Middleware/Oracle_Home/oracle_common/modules/org.apache.maven_3.2.5/lib/plexus-cipher-1.7.jar:/Users/GripGlebe/Oracle/Middleware/Oracle_Home/oracle_common/modules/org.apache.maven_3.2.5/lib/aether-connector-basic-1.0.0.v20140518.jar:/Users/GripGlebe/Oracle/Middleware/Oracle_Home/oracle_common/modules/org.apache.maven_3.2.5/lib/org.eclipse.sisu.plexus-0.3.0.M1.jar:/Users/GripGlebe/Oracle/Middleware/Oracle_Home/oracle_common/modules/org.apache.maven_3.2.5/lib/maven-compat-3.2.5.jar:/Users/GripGlebe/Oracle/Middleware/Oracle_Home/oracle_common/modules/org.apache.maven_3.2.5/lib/aopalliance-1.0.jar:/Users/GripGlebe/Oracle/Middleware/Oracle_Home/oracle_common/modules/org.apache.maven_3.2.5/lib/maven-plugin-api-3.2.5.jar:/Users/GripGlebe/Oracle/Middleware/Oracle_Home/oracle_common/modules/org.apache.maven_3.2.5/lib/plexus-interpolation-1.21.jar:/Users/GripGlebe/Oracle/Middleware/Oracle_Home/oracle_common/modules/org.apache.maven_3.2.5/lib/plexus-utils-3.0.20.jar:/Users/GripGlebe/Oracle/Middleware/Oracle_Home/oracle_common/modules/org.apache.maven_3.2.5/lib/maven-settings-builder-3.2.5.jar:, -Dmaven.home=/Users/GripGlebe/Oracle/Middleware/Oracle_Home/oracle_common/modules/org.apache.maven_3.2.5, org.codehaus.classworlds.Launcher, --settings, /Users/GripGlebe/.m2/settings.xml, --file, /Users/GripGlebe/jdeveloper/mywork/IFCAspectJ/IFCAspectJ/pom.xml, compile, -Denv.ORACLE_HOME=/Users/GripGlebe/Oracle/Middleware/Oracle_Home]
/Users/GripGlebe/jdeveloper/mywork/IFCAspectJ/IFCAspectJ>
/Library/Java/JavaVirtualMachines/adoptopenjdk-8.jdk/Contents/Home/bin/java -Djavax.net.ssl.trustStore=/var/folders/j2/wrcj5bc56kg6lbtp7_2065t00000gp/T/trustStore797589859260040230.jks -Dclassworlds.conf=/Users/GripGlebe/Oracle/Middleware/Oracle_Home/oracle_common/modules/org.apache.maven_3.2.5/bin/m2.conf -classpath /Users/GripGlebe/Oracle/Middleware/Oracle_Home/oracle_common/modules/org.apache.maven_3.2.5/boot/plexus-classworlds-2.5.2.jar:/Users/GripGlebe/Oracle/Middleware/Oracle_Home/oracle_common/modules/org.apache.maven_3.2.5/lib/jsr250-api-1.0.jar:/Users/GripGlebe/Oracle/Middleware/Oracle_Home/oracle_common/modules/org.apache.maven_3.2.5/lib/maven-core-3.2.5.jar:/Users/GripGlebe/Oracle/Middleware/Oracle_Home/oracle_common/modules/org.apache.maven_3.2.5/lib/javax.inject-1.jar:/Users/GripGlebe/Oracle/Middleware/Oracle_Home/oracle_common/modules/org.apache.maven_3.2.5/lib/commons-lang-2.6.jar:/Users/GripGlebe/Oracle/Middleware/Oracle_Home/oracle_common/modules/org.apache.maven_3.2.5/lib/slf4j-simple-1.7.5.jar:/Users/GripGlebe/Oracle/Middleware/Oracle_Home/oracle_common/modules/org.apache.maven_3.2.5/lib/maven-model-3.2.5.jar:/Users/GripGlebe/Oracle/Middleware/Oracle_Home/oracle_common/modules/org.apache.maven_3.2.5/lib/wagon-http-2.8-shaded.jar:/Users/GripGlebe/Oracle/Middleware/Oracle_Home/oracle_common/modules/org.apache.maven_3.2.5/lib/aether-transport-wagon-1.0.0.v20140518.jar:/Users/GripGlebe/Oracle/Middleware/Oracle_Home/oracle_common/modules/org.apache.maven_3.2.5/lib/maven-settings-3.2.5.jar:/Users/GripGlebe/Oracle/Middleware/Oracle_Home/oracle_common/modules/org.apache.maven_3.2.5/lib/wagon-http-shared-2.8.jar:/Users/GripGlebe/Oracle/Middleware/Oracle_Home/oracle_common/modules/org.apache.maven_3.2.5/lib/commons-io-2.2.jar:/Users/GripGlebe/Oracle/Middleware/Oracle_Home/oracle_common/modules/org.apache.maven_3.2.5/lib/jsoup-1.7.2.jar:/Users/GripGlebe/Oracle/Middleware/Oracle_Home/oracle_common/modules/org.apache.maven_3.2.5/lib/sisu-guice-3.2.3-no_aop.jar:/Users/GripGlebe/Oracle/Middleware/Oracle_Home/oracle_common/modules/org.apache.maven_3.2.5/lib/aether-spi-1.0.0.v20140518.jar:/Users/GripGlebe/Oracle/Middleware/Oracle_Home/oracle_common/modules/org.apache.maven_3.2.5/lib/maven-model-builder-3.2.5.jar:/Users/GripGlebe/Oracle/Middleware/Oracle_Home/oracle_common/modules/org.apache.maven_3.2.5/lib/maven-embedder-3.2.5.jar:/Users/GripGlebe/Oracle/Middleware/Oracle_Home/oracle_common/modules/org.apache.maven_3.2.5/lib/maven-repository-metadata-3.2.5.jar:/Users/GripGlebe/Oracle/Middleware/Oracle_Home/oracle_common/modules/org.apache.maven_3.2.5/lib/maven-artifact-3.2.5.jar:/Users/GripGlebe/Oracle/Middleware/Oracle_Home/oracle_common/modules/org.apache.maven_3.2.5/lib/commons-cli-1.2.jar:/Users/GripGlebe/Oracle/Middleware/Oracle_Home/oracle_common/modules/org.apache.maven_3.2.5/lib/maven-aether-provider-3.2.5.jar:/Users/GripGlebe/Oracle/Middleware/Oracle_Home/oracle_common/modules/org.apache.maven_3.2.5/lib/plexus-component-annotations-1.5.5.jar:/Users/GripGlebe/Oracle/Middleware/Oracle_Home/oracle_common/modules/org.apache.maven_3.2.5/lib/wagon-provider-api-2.8.jar:/Users/GripGlebe/Oracle/Middleware/Oracle_Home/oracle_common/modules/org.apache.maven_3.2.5/lib/cdi-api-1.0.jar:/Users/GripGlebe/Oracle/Middleware/Oracle_Home/oracle_common/modules/org.apache.maven_3.2.5/lib/plexus-sec-dispatcher-1.3.jar:/Users/GripGlebe/Oracle/Middleware/Oracle_Home/oracle_common/modules/org.apache.maven_3.2.5/lib/slf4j-api-1.7.5.jar:/Users/GripGlebe/Oracle/Middleware/Oracle_Home/oracle_common/modules/org.apache.maven_3.2.5/lib/guava-18.0.jar:/Users/GripGlebe/Oracle/Middleware/Oracle_Home/oracle_common/modules/org.apache.maven_3.2.5/lib/wagon-file-2.8.jar:/Users/GripGlebe/Oracle/Middleware/Oracle_Home/oracle_common/modules/org.apache.maven_3.2.5/lib/aether-impl-1.0.0.v20140518.jar:/Users/GripGlebe/Oracle/Middleware/Oracle_Home/oracle_common/modules/org.apache.maven_3.2.5/lib/aether-util-1.0.0.v20140518.jar:/Users/GripGlebe/Oracle/Middleware/Oracle_Home/oracle_common/modules/org.apache.maven_3.2.5/lib/aether-api-1.0.0.v20140518.jar:/Users/GripGlebe/Oracle/Middleware/Oracle_Home/oracle_common/modules/org.apache.maven_3.2.5/lib/org.eclipse.sisu.inject-0.3.0.M1.jar:/Users/GripGlebe/Oracle/Middleware/Oracle_Home/oracle_common/modules/org.apache.maven_3.2.5/lib/plexus-cipher-1.7.jar:/Users/GripGlebe/Oracle/Middleware/Oracle_Home/oracle_common/modules/org.apache.maven_3.2.5/lib/aether-connector-basic-1.0.0.v20140518.jar:/Users/GripGlebe/Oracle/Middleware/Oracle_Home/oracle_common/modules/org.apache.maven_3.2.5/lib/org.eclipse.sisu.plexus-0.3.0.M1.jar:/Users/GripGlebe/Oracle/Middleware/Oracle_Home/oracle_common/modules/org.apache.maven_3.2.5/lib/maven-compat-3.2.5.jar:/Users/GripGlebe/Oracle/Middleware/Oracle_Home/oracle_common/modules/org.apache.maven_3.2.5/lib/aopalliance-1.0.jar:/Users/GripGlebe/Oracle/Middleware/Oracle_Home/oracle_common/modules/org.apache.maven_3.2.5/lib/maven-plugin-api-3.2.5.jar:/Users/GripGlebe/Oracle/Middleware/Oracle_Home/oracle_common/modules/org.apache.maven_3.2.5/lib/plexus-interpolation-1.21.jar:/Users/GripGlebe/Oracle/Middleware/Oracle_Home/oracle_common/modules/org.apache.maven_3.2.5/lib/plexus-utils-3.0.20.jar:/Users/GripGlebe/Oracle/Middleware/Oracle_Home/oracle_common/modules/org.apache.maven_3.2.5/lib/maven-settings-builder-3.2.5.jar: -Dmaven.home=/Users/GripGlebe/Oracle/Middleware/Oracle_Home/oracle_common/modules/org.apache.maven_3.2.5 org.codehaus.classworlds.Launcher --settings /Users/GripGlebe/.m2/settings.xml --file /Users/GripGlebe/jdeveloper/mywork/IFCAspectJ/IFCAspectJ/pom.xml compile -Denv.ORACLE_HOME=/Users/GripGlebe/Oracle/Middleware/Oracle_Home
[INFO] Scanning for projects...
[INFO] ------------------------------------------------------------------------
[INFO] Reactor Build Order:
[INFO] 
[INFO] IFCAspectJ
[INFO] IFCAspectJTest
[INFO] HelloWorld
[INFO]                                                                         
[INFO] ------------------------------------------------------------------------
[INFO] Building IFCAspectJ 1.0
[INFO] ------------------------------------------------------------------------
[INFO]                                                                         
[INFO] ------------------------------------------------------------------------
[INFO] Building IFCAspectJTest 1.0
[INFO] ------------------------------------------------------------------------
[INFO] 
[INFO] --- aspectj-maven-plugin:1.12.1:compile (default) @ IFCAspectJTest ---
[WARNING] No sources found skipping aspectJ compile
[INFO] 
[INFO] --- aspectj-maven-plugin:1.12.1:test-compile (default) @ IFCAspectJTest ---
[WARNING] No sources found skipping aspectJ compile
[INFO] 
[INFO] --- maven-resources-plugin:2.6:resources (default-resources) @ IFCAspectJTest ---
[INFO] Using 'UTF-8' encoding to copy filtered resources.
[INFO] skip non existing resourceDirectory /Users/GripGlebe/jdeveloper/mywork/IFCAspectJ/IFCAspectJ/src/org/ifcparaclete/aspectj/src/main/resources
[INFO] 
[INFO] --- maven-compiler-plugin:3.3:compile (default-compile) @ IFCAspectJTest ---
[INFO] No sources to compile
[INFO]                                                                         
[INFO] ------------------------------------------------------------------------
[INFO] Building HelloWorld 1.0
[INFO] ------------------------------------------------------------------------
[INFO] 
[INFO] --- maven-resources-plugin:2.6:resources (default-resources) @ HelloWorld ---
[INFO] Using 'UTF-8' encoding to copy filtered resources.
[INFO] skip non existing resourceDirectory /Users/GripGlebe/jdeveloper/mywork/IFCAspectJ/IFCAspectJ/src/test/output/src/main/resources
[INFO] 
[INFO] --- maven-compiler-plugin:3.3:compile (default-compile) @ HelloWorld ---
[INFO] No sources to compile
[INFO] ------------------------------------------------------------------------
[INFO] Reactor Summary:
[INFO] 
[INFO] IFCAspectJ ......................................... SUCCESS [  0.001 s]
[INFO] IFCAspectJTest ..................................... SUCCESS [  0.837 s]
[INFO] HelloWorld ......................................... SUCCESS [  0.067 s]
[INFO] ------------------------------------------------------------------------
[INFO] BUILD SUCCESS
[INFO] ------------------------------------------------------------------------
[INFO] Total time: 0.985 s
[INFO] Finished at: 2021-04-21T23:09:53-04:00
[INFO] Final Memory: 17M/619M
[INFO] ------------------------------------------------------------------------
Process exited with exit code 0.
