/Users/GripGlebe/jdeveloper/mywork>
/Library/Java/JavaVirtualMachines/adoptopenjdk-8.jdk/Contents/Home/bin/java -server -agentlib:jdwp=transport=dt_socket,server=y,address=58888 -Dcom.sun.xml.bind.v2.bytecode.ClassTailor.noOptimize=true -classpath /Users/GripGlebe/jdeveloper/mywork/IFCParaclete/.adf:/Users/GripGlebe/jdeveloper/mywork/IFCParaclete/MaxineCode/classes:/Users/GripGlebe/.jdeveloper/guava-30.1-jre.jar:/Users/GripGlebe/.jdeveloper/asm-6.0-maxine.jar:/Users/GripGlebe/.jdeveloper/asm-util-6.0-maxine.jar:/Users/GripGlebe/.jdeveloper/junit-4.12.jar:/Users/GripGlebe/.jdeveloper/okra-1.9.jar:/Users/GripGlebe/.jdeveloper/apache-log4j-2.9.1-bin/log4j-api-2.9.1.jar:/Users/GripGlebe/.jdeveloper/apache-log4j-2.9.1-bin/log4j-core-2.9.1.jar:/Users/GripGlebe/.jdeveloper/apache-log4j-2.9.1-bin/log4j-api-2.9.1-sources.jar:/Users/GripGlebe/.jdeveloper/apache-log4j-2.9.1-bin/log4j-core-2.9.1-sources.jar -Djavax.net.ssl.trustStore=/var/folders/j2/wrcj5bc56kg6lbtp7_2065t00000gp/T/trustStore5600547515669164308.jks org.ifcparaclete.IFCPolicy
Listening for transport dt_socket at address: 58888
Debugger connected to local process.
Source breakpoint: IFCPolicy.java:96
java.io.FileNotFoundException: /Users/GripGlebe/jdeveloper/mywork/IFCParaclete/IFCDissertationCode/src/org/ifcparaclete/IFCPolicy.xml (No such file or directory)
	at java.io.FileInputStream.open0(Native Method)
	at java.io.FileInputStream.open(FileInputStream.java:195)
	at java.io.FileInputStream.<init>(FileInputStream.java:138)
	at java.io.FileInputStream.<init>(FileInputStream.java:93)
	at sun.net.www.protocol.file.FileURLConnection.connect(FileURLConnection.java:90)
	at sun.net.www.protocol.file.FileURLConnection.getInputStream(FileURLConnection.java:188)
	at com.sun.org.apache.xerces.internal.impl.XMLEntityManager.setupCurrentEntity(XMLEntityManager.java:623)
	at com.sun.org.apache.xerces.internal.impl.XMLVersionDetector.determineDocVersion(XMLVersionDetector.java:148)
	at com.sun.org.apache.xerces.internal.parsers.XML11Configuration.parse(XML11Configuration.java:806)
	at com.sun.org.apache.xerces.internal.parsers.XML11Configuration.parse(XML11Configuration.java:771)
	at com.sun.org.apache.xerces.internal.parsers.XMLParser.parse(XMLParser.java:141)
	at com.sun.org.apache.xerces.internal.parsers.DOMParser.parse(DOMParser.java:243)
	at com.sun.org.apache.xerces.internal.jaxp.DocumentBuilderImpl.parse(DocumentBuilderImpl.java:339)
	at javax.xml.parsers.DocumentBuilder.parse(DocumentBuilder.java:205)
	at org.ifcparaclete.IFCPolicy.loadIFCPolicy(IFCPolicy.java:59)
	at org.ifcparaclete.IFCPolicy.main(IFCPolicy.java:96)
Process exited.
Debugger disconnected from local process.
