[Waiting for the domain to finish building...]
[07:27:23 PM] Creating IntegratedWebLogicServer Domain...
*** Using HTTP port 7101 ***
*** Using SSL port 7102 ***
[07:29:51 PM] IntegratedWebLogicServer Domain processing completed successfully.
/Users/GripGlebe/jdeveloper/mywork>
/Users/GripGlebe/.jdeveloper/system12.2.1.4.42.190911.2248/DefaultDomain/bin/startWebLogic.sh
[Starting IntegratedWebLogicServer.]
[waiting for the server to complete its initialization...]
.
.
JAVA Memory arguments: -Xms256m -Xmx1024m
.
CLASSPATH=/Users/GripGlebe/Oracle/Middleware/Oracle_Home/oracle_common/modules/features/com.oracle.db.jdbc7-dms.jar:/Library/Java/JavaVirtualMachines/jdk1.8.0_251.jdk/Contents/Home/lib/tools.jar:/Users/GripGlebe/Oracle/Middleware/Oracle_Home/wlserver/server/lib/weblogic.jar:/Users/GripGlebe/Oracle/Middleware/Oracle_Home/wlserver/../oracle_common/modules/thirdparty/ant-contrib-1.0b3.jar:/Users/GripGlebe/Oracle/Middleware/Oracle_Home/wlserver/modules/features/oracle.wls.common.nodemanager.jar:/Users/GripGlebe/Oracle/Middleware/Oracle_Home/oracle_common/modules/oracle.wccore/oracle-portlet-api.jar:/Users/GripGlebe/Oracle/Middleware/Oracle_Home/oracle_common/modules/internal/features/jrf_wlsFmw_oracle.jrf.wls.classpath.jar::/Users/GripGlebe/Oracle/Middleware/Oracle_Home/wlserver/common/derby/lib/derbynet.jar:/Users/GripGlebe/Oracle/Middleware/Oracle_Home/wlserver/common/derby/lib/derbyclient.jar:/Users/GripGlebe/Oracle/Middleware/Oracle_Home/wlserver/common/derby/lib/derby.jar
.
PATH=/Users/GripGlebe/.jdeveloper/system12.2.1.4.42.190911.2248/DefaultDomain/bin:/Users/GripGlebe/Oracle/Middleware/Oracle_Home/wlserver/server/bin:/Users/GripGlebe/Oracle/Middleware/Oracle_Home/wlserver/../oracle_common/modules/thirdparty/org.apache.ant/1.10.5.0.0/apache-ant-1.10.5/bin:/Library/Java/JavaVirtualMachines/jdk1.8.0_251.jdk/Contents/Home/jre/bin:/Library/Java/JavaVirtualMachines/jdk1.8.0_251.jdk/Contents/Home/bin:/usr/bin:/bin:/usr/sbin:/sbin
.
***************************************************
*  To start WebLogic Server, use a username and   *
*  password assigned to an admin-level user.  For *
*  server administration, use the WebLogic Server *
*  console at http://hostname:port/console        *
***************************************************
Starting WLS with line:
/Library/Java/JavaVirtualMachines/jdk1.8.0_251.jdk/Contents/Home/bin/java -server   -Xms256m -Xmx1024m -cp /Users/GripGlebe/Oracle/Middleware/Oracle_Home/wlserver/server/lib/weblogic-launcher.jar -Dlaunch.use.env.classpath=true -Dweblogic.Name=DefaultServer -Djava.security.policy=/Users/GripGlebe/Oracle/Middleware/Oracle_Home/wlserver/server/lib/weblogic.policy -agentlib:jdwp=transport=dt_socket,server=y,address=58638 -Dcom.sun.xml.bind.v2.bytecode.ClassTailor.noOptimize=true -Djavax.net.ssl.trustStore=/var/folders/j2/wrcj5bc56kg6lbtp7_2065t00000gp/T/trustStore5600547515669164308.jks -Doracle.jdeveloper.adrs=true -Dweblogic.nodemanager.ServiceEnabled=true  -Djava.system.class.loader=com.oracle.classloader.weblogic.LaunchClassLoader -Djava.protocol.handler.pkgs=oracle.mds.net.protocol -Dopss.version=12.2.1.3 -Digf.arisidbeans.carmlloc=/Users/GripGlebe/.jdeveloper/system12.2.1.4.42.190911.2248/DefaultDomain/config/fmwconfig/carml -Digf.arisidstack.home=/Users/GripGlebe/.jdeveloper/system12.2.1.4.42.190911.2248/DefaultDomain/config/fmwconfig/arisidprovider -Doracle.security.jps.config=/Users/GripGlebe/.jdeveloper/system12.2.1.4.42.190911.2248/DefaultDomain/config/fmwconfig/jps-config.xml -Doracle.deployed.app.dir=/Users/GripGlebe/.jdeveloper/system12.2.1.4.42.190911.2248/DefaultDomain/servers/DefaultServer/tmp/_WL_user -Doracle.deployed.app.ext=/- -Dweblogic.alternateTypesDirectory=/Users/GripGlebe/Oracle/Middleware/Oracle_Home/oracle_common/modules/oracle.ossoiap,/Users/GripGlebe/Oracle/Middleware/Oracle_Home/oracle_common/modules/oracle.oamprovider,/Users/GripGlebe/Oracle/Middleware/Oracle_Home/oracle_common/modules/oracle.jps -Doracle.mds.filestore.preferred=true -Dadf.version=12.2.1.3.0 -Dweblogic.jdbc.remoteEnabled=true -Dcommon.components.home=/Users/GripGlebe/Oracle/Middleware/Oracle_Home/oracle_common -Djrf.version=12.2.2 -Dorg.apache.commons.logging.Log=org.apache.commons.logging.impl.Jdk14Logger -Ddomain.home=/Users/GripGlebe/.jdeveloper/system12.2.1.4.42.190911.2248/DefaultDomain -Doracle.server.config.dir=/Users/GripGlebe/.jdeveloper/system12.2.1.4.42.190911.2248/DefaultDomain/config/fmwconfig/servers/DefaultServer -Doracle.domain.config.dir=/Users/GripGlebe/.jdeveloper/system12.2.1.4.42.190911.2248/DefaultDomain/config/fmwconfig  -javaagent:/Users/GripGlebe/Oracle/Middleware/Oracle_Home/wlserver/server/lib/debugpatch-agent.jar -da -Dwls.home=/Users/GripGlebe/Oracle/Middleware/Oracle_Home/wlserver/server -Dweblogic.home=/Users/GripGlebe/Oracle/Middleware/Oracle_Home/wlserver/server  -Djps.app.credential.overwrite.allowed=true -Djavax.management.builder.initial=weblogic.management.jmx.mbeanserver.WLSMBeanServerBuilder -Dportlet.oracle.home=/Users/GripGlebe/Oracle/Middleware/Oracle_Home/oracle_common    -Djava.util.logging.manager=oracle.core.ojdl.logging.ODLLogManager  weblogic.Server
Listening for transport dt_socket at address: 58638
Debugger connected to local process.
<Mar 25, 2021 7:30:00 PM EDT> <Info> <Security> <BEA-090905> <Disabling the CryptoJ JCE Provider self-integrity check for better startup performance. To enable this check, specify -Dweblogic.security.allowCryptoJDefaultJCEVerification=true.> 
<Mar 25, 2021 7:30:01 PM EDT> <Info> <Security> <BEA-090906> <Changing the default Random Number Generator in RSA CryptoJ from ECDRBG128 to HMACDRBG. To disable this change, specify -Dweblogic.security.allowCryptoJDefaultPRNG=true.> 
<Mar 25, 2021 7:30:02 PM EDT> <Info> <WebLogicServer> <BEA-000377> <Starting WebLogic Server with Java HotSpot(TM) 64-Bit Server VM Version 25.251-b08 from Oracle Corporation.> 
Mar 25, 2021 7:30:02 PM oracle.security.jps.wls.JpsBootStrapService start
INFO: JPS bootstrap service started.
<Mar 25, 2021 7:30:02 PM EDT> <Info> <RCM> <BEA-2165021> <"ResourceManagement" is not enabled in this JVM. Enable "ResourceManagement" to use the WebLogic Server "Resource Consumption Management" feature. To enable "ResourceManagement", you must specify the following JVM options in the WebLogic Server instance in which the JVM runs: -XX:+UnlockCommercialFeatures -XX:+ResourceManagement.> 
Mar 25, 2021 7:30:02 PM oracle.security.jps.internal.config.xml.XmlConfigurationFactory validateFileLocation
INFO: JPS Config: /Users/GripGlebe/.jdeveloper/system12.2.1.4.42.190911.2248/DefaultDomain/config/fmwconfig/jps-config.xml
<Mar 25, 2021 7:30:02 PM EDT> <Info> <Management> <BEA-141107> <Version: WebLogic Server 12.2.1.4.0 Thu Sep 12 04:04:29 GMT 2019 1974621> 
<Mar 25, 2021 7:30:05 PM EDT> <Notice> <WebLogicServer> <BEA-000365> <Server state changed to STARTING.> 
<Mar 25, 2021 7:30:05 PM EDT> <Info> <WorkManager> <BEA-002900> <Initializing self-tuning thread pool.> 
<Mar 25, 2021 7:30:05 PM EDT> <Info> <WorkManager> <BEA-002942> <CMM memory level becomes 0. Setting standby thread pool size to 256.> 
Mar 25, 2021 7:30:06 PM oracle.security.jps.wls.JpsDefaultService start
INFO: JPS default service started.
Mar 25, 2021 7:30:06 PM oracle.security.jps.JpsStartup startWithRetry
INFO: Jps initializing.
<Mar 25, 2021 7:30:06,716 PM EDT> <Notice> <Log Management> <BEA-170019> <The server log file weblogic.logging.FileStreamHandler instance=133484306
Current log file=/Users/GripGlebe/.jdeveloper/system12.2.1.4.42.190911.2248/DefaultDomain/servers/DefaultServer/logs/DefaultServer.log
Rotation dir=/Users/GripGlebe/.jdeveloper/system12.2.1.4.42.190911.2248/DefaultDomain/servers/DefaultServer/logs
 is opened. All server side log events will be written to this file.> 
<Mar 25, 2021 7:30:07,468 PM EDT> <Warning> <NodeManager> <BEA-300043> <NodeManager native library not found - server process ID not saved.> 
Mar 25, 2021 7:30:07 PM oracle.security.jps.internal.idstore.util.LibOvdUtil pushLdapNamesToLibOvd
INFO: Pushed ldap name and types info to libOvd. Ldaps : DefaultAuthenticator:idstore.ldap.provideridstore.ldap.
Mar 25, 2021 7:30:09 PM oracle.security.jps.az.internal.runtime.policy.AbstractPolicyImpl initializeReadStore
INFO: Property for read store in parallel: oracle.security.jps.az.runtime.readstore.threads = null
Mar 25, 2021 7:30:10 PM oracle.security.jps.internal.common.util.JpsCommonUtil initPolicyProvider
INFO: Initializing OPSS Java Policy Provider.
Mar 25, 2021 7:30:10 PM oracle.security.jps.internal.common.util.JpsCommonUtil initPolicyProvider
INFO: OPSS Java Policy Provider initialized.
Mar 25, 2021 7:30:10 PM oracle.security.jps.internal.common.util.JpsCommonUtil initPolicyProvider
INFO: OPSS Java Policy Provider is set as the system-wide Policy object.
Mar 25, 2021 7:30:10 PM oracle.security.jps.JpsStartup startWithRetry
INFO: Jps started.
<Mar 25, 2021 7:30:10,298 PM EDT> <Notice> <Security> <BEA-090946> <Security pre-initializing using security realm: myrealm> 
<Mar 25, 2021 7:30:11,296 PM EDT> <Notice> <Security> <BEA-090947> <Security post-initializing using security realm: myrealm> 
<Mar 25, 2021 7:30:12,840 PM EDT> <Notice> <Security> <BEA-090082> <Security initialized using administrative security realm: myrealm> 
<Mar 25, 2021 7:30:13,195 PM EDT> <Warning> <Store> <BEA-280109> <The JVM was unable to load the native wlfileio library for the store "_WLS_DefaultServer". File and paging stores will continue to function correctly. Specifically, file stores that are configured with a transactionally safe synchronous write policy will continue to operate safely and transactionally but may open with a different write-policy. Other store types may not be able to open.> 
<Mar 25, 2021 7:30:13,336 PM EDT> <Notice> <JMX> <BEA-149512> <JMX Connector Server started at service:jmx:iiop://127.0.0.1:7101/jndi/weblogic.management.mbeanservers.runtime.> 
2021-03-25 19:30:14.021/18.869 Oracle Coherence 12.2.1.4.0 <Info> (thread=[STANDBY] ExecuteThread: '1' for queue: 'weblogic.kernel.Default (self-tuning)', member=n/a): Loaded operational configuration from "jar:file:/Users/GripGlebe/Oracle/Middleware/Oracle_Home/coherence/lib/coherence.jar!/tangosol-coherence.xml"
<Mar 25, 2021 7:30:14,527 PM EDT> <Notice> <JMX> <BEA-149512> <JMX Connector Server started at service:jmx:iiop://127.0.0.1:7101/jndi/weblogic.management.mbeanservers.domainruntime.> 
2021-03-25 19:30:14.099/18.946 Oracle Coherence 12.2.1.4.0 <Info> (thread=[STANDBY] ExecuteThread: '1' for queue: 'weblogic.kernel.Default (self-tuning)', member=n/a): Loaded operational overrides from "jar:file:/Users/GripGlebe/Oracle/Middleware/Oracle_Home/coherence/lib/coherence.jar!/tangosol-coherence-override-dev.xml"
2021-03-25 19:30:14.103/18.950 Oracle Coherence 12.2.1.4.0 <Info> (thread=[STANDBY] ExecuteThread: '1' for queue: 'weblogic.kernel.Default (self-tuning)', member=n/a): Optional configuration override "/tangosol-coherence-override.xml" is not specified
2021-03-25 19:30:14.108/18.955 Oracle Coherence 12.2.1.4.0 <Info> (thread=[STANDBY] ExecuteThread: '1' for queue: 'weblogic.kernel.Default (self-tuning)', member=n/a): Optional configuration override "cache-factory-config.xml" is not specified
2021-03-25 19:30:14.111/18.959 Oracle Coherence 12.2.1.4.0 <Info> (thread=[STANDBY] ExecuteThread: '1' for queue: 'weblogic.kernel.Default (self-tuning)', member=n/a): Optional configuration override "cache-factory-builder-config.xml" is not specified
2021-03-25 19:30:14.114/18.962 Oracle Coherence 12.2.1.4.0 <Info> (thread=[STANDBY] ExecuteThread: '1' for queue: 'weblogic.kernel.Default (self-tuning)', member=n/a): Optional configuration override "/custom-mbeans.xml" is not specified

Oracle Coherence Version 12.2.1.4.0 Build 74888
 Grid Edition: Development mode
Copyright (c) 2000, 2019, Oracle and/or its affiliates. All rights reserved.

2021-03-25 19:30:14.866/19.713 Oracle Coherence GE 12.2.1.4.0 <Info> (thread=[STANDBY] ExecuteThread: '1' for queue: 'weblogic.kernel.Default (self-tuning)', member=n/a): The cluster name has not been configured, a value of "GripGlebe's cluster" has been automatically generated
<Mar 25, 2021 7:30:15,769 PM EDT> <Warning> <com.oracle.coherence> <BEA-000000> <2021-03-25 19:30:15.769/20.616 Oracle Coherence GE 12.2.1.4.0 <Warning> (thread=[STANDBY] ExecuteThread: '4' for queue: 'weblogic.kernel.Default (self-tuning)', member=n/a): Local address "127.0.0.1" is a loopback address; this cluster node will not connect to nodes located on different machines> 
Mar 25, 2021 7:30:17 PM oracle.dfw.impl.incident.DiagnosticsDataExtractorImpl <init>
SEVERE: failure initializing ADR
oracle.dfw.common.DiagnosticsException: failure loading adrci binary from the system path: null
Cause: DFW-40112: There was an error executing adrci commands; the following errors have been found "null"
Action: Ensure that command line tool "adrci" can be executed from the command line.
	at oracle.dfw.impl.incident.ADRHelper.<init>(ADRHelper.java:288)
	at oracle.dfw.impl.incident.DiagnosticsDataExtractorImpl.<init>(DiagnosticsDataExtractorImpl.java:187)
	at oracle.dfw.spi.portable.PortableDiagnosticsFrameworkProvider.init(PortableDiagnosticsFrameworkProvider.java:400)
	at oracle.dfw.framework.DiagnosticsFramework.<init>(DiagnosticsFramework.java:44)
	at oracle.dfw.incident.IncidentDetectionLogFilter.<init>(IncidentDetectionLogFilter.java:63)
	at sun.reflect.NativeConstructorAccessorImpl.newInstance0(Native Method)
	at sun.reflect.NativeConstructorAccessorImpl.newInstance(NativeConstructorAccessorImpl.java:62)
	at sun.reflect.DelegatingConstructorAccessorImpl.newInstance(DelegatingConstructorAccessorImpl.java:45)
	at java.lang.reflect.Constructor.newInstance(Constructor.java:423)
	at java.lang.Class.newInstance(Class.java:442)
	at oracle.core.ojdl.logging.impl.LoggingConfigurationImpl.getInstance(LoggingConfigurationImpl.java:685)
	at oracle.core.ojdl.logging.impl.LoggingConfigurationImpl.access$000(LoggingConfigurationImpl.java:107)
	at oracle.core.ojdl.logging.impl.LoggingConfigurationImpl$HandlerState.initHandler(LoggingConfigurationImpl.java:1094)
	at oracle.core.ojdl.logging.impl.LoggingConfigurationImpl.configure(LoggingConfigurationImpl.java:317)
	at oracle.core.ojdl.logging.impl.LoggingConfigurationImpl.configure(LoggingConfigurationImpl.java:289)
	at oracle.core.ojdl.logging.impl.LoggingConfigurationImpl.<init>(LoggingConfigurationImpl.java:163)
	at oracle.core.ojdl.logging.config.ServerLoggingConfiguration.<init>(ServerLoggingConfiguration.java:71)
	at oracle.core.ojdl.logging.config.ServerLoggingConfiguration.readConfiguration(ServerLoggingConfiguration.java:118)
	at oracle.core.ojdl.weblogic.ODLConfiguration.main(ODLConfiguration.java:154)
	at sun.reflect.NativeMethodAccessorImpl.invoke0(Native Method)
	at sun.reflect.NativeMethodAccessorImpl.invoke(NativeMethodAccessorImpl.java:62)
	at sun.reflect.DelegatingMethodAccessorImpl.invoke(DelegatingMethodAccessorImpl.java:43)
	at java.lang.reflect.Method.invoke(Method.java:498)
	at weblogic.management.deploy.classdeployment.ClassDeploymentManager.invokeMain(ClassDeploymentManager.java:449)
	at weblogic.management.deploy.classdeployment.ClassDeploymentManager.invokeClass(ClassDeploymentManager.java:359)
	at weblogic.management.deploy.classdeployment.ClassDeploymentManager.access$100(ClassDeploymentManager.java:63)
	at weblogic.management.deploy.classdeployment.ClassDeploymentManager$1.run(ClassDeploymentManager.java:286)
	at weblogic.management.deploy.classdeployment.ClassDeploymentManager$1.run(ClassDeploymentManager.java:273)
	at weblogic.security.acl.internal.AuthenticatedSubject.doAs(AuthenticatedSubject.java:344)
	at weblogic.security.service.SecurityManager.runAsForUserCode(SecurityManager.java:197)
	at weblogic.management.deploy.classdeployment.ClassDeploymentManager.invokeClassDeployment(ClassDeploymentManager.java:272)
	at weblogic.management.deploy.classdeployment.ClassDeploymentManager.invokeClassDeployments(ClassDeploymentManager.java:253)
	at weblogic.management.deploy.classdeployment.ClassDeploymentManager.runStartupsBeforeAppDeployments(ClassDeploymentManager.java:192)
	at weblogic.management.deploy.classdeployment.ClassDeploymentService.start(ClassDeploymentService.java:41)
	at weblogic.server.AbstractServerService.postConstruct(AbstractServerService.java:76)
	at sun.reflect.GeneratedMethodAccessor2.invoke(Unknown Source)
	at sun.reflect.DelegatingMethodAccessorImpl.invoke(DelegatingMethodAccessorImpl.java:43)
	at java.lang.reflect.Method.invoke(Method.java:498)
	at org.glassfish.hk2.utilities.reflection.ReflectionHelper.invoke(ReflectionHelper.java:1287)
	at org.jvnet.hk2.internal.ClazzCreator.postConstructMe(ClazzCreator.java:333)
	at org.jvnet.hk2.internal.ClazzCreator.create(ClazzCreator.java:375)
	at org.jvnet.hk2.internal.SystemDescriptor.create(SystemDescriptor.java:487)
	at org.glassfish.hk2.runlevel.internal.AsyncRunLevelContext.findOrCreate(AsyncRunLevelContext.java:305)
	at org.glassfish.hk2.runlevel.RunLevelContext.findOrCreate(RunLevelContext.java:85)
	at org.jvnet.hk2.internal.Utilities.createService(Utilities.java:2126)
	at org.jvnet.hk2.internal.ServiceHandleImpl.getService(ServiceHandleImpl.java:116)
	at org.jvnet.hk2.internal.ServiceLocatorImpl.getService(ServiceLocatorImpl.java:698)
	at org.jvnet.hk2.internal.ThreeThirtyResolver.resolve(ThreeThirtyResolver.java:78)
	at org.jvnet.hk2.internal.ClazzCreator.resolve(ClazzCreator.java:212)
	at org.jvnet.hk2.internal.ClazzCreator.resolveAllDependencies(ClazzCreator.java:235)
	at org.jvnet.hk2.internal.ClazzCreator.create(ClazzCreator.java:358)
	at org.jvnet.hk2.internal.SystemDescriptor.create(SystemDescriptor.java:487)
	at org.glassfish.hk2.runlevel.internal.AsyncRunLevelContext.findOrCreate(AsyncRunLevelContext.java:305)
	at org.glassfish.hk2.runlevel.RunLevelContext.findOrCreate(RunLevelContext.java:85)
	at org.jvnet.hk2.internal.Utilities.createService(Utilities.java:2126)
	at org.jvnet.hk2.internal.ServiceHandleImpl.getService(ServiceHandleImpl.java:116)
	at org.jvnet.hk2.internal.ServiceLocatorImpl.getService(ServiceLocatorImpl.java:698)
	at org.jvnet.hk2.internal.ThreeThirtyResolver.resolve(ThreeThirtyResolver.java:78)
	at org.jvnet.hk2.internal.ClazzCreator.resolve(ClazzCreator.java:212)
	at org.jvnet.hk2.internal.ClazzCreator.resolveAllDependencies(ClazzCreator.java:235)
	at org.jvnet.hk2.internal.ClazzCreator.create(ClazzCreator.java:358)
	at org.jvnet.hk2.internal.SystemDescriptor.create(SystemDescriptor.java:487)
	at org.glassfish.hk2.runlevel.internal.AsyncRunLevelContext.findOrCreate(AsyncRunLevelContext.java:305)
	at org.glassfish.hk2.runlevel.RunLevelContext.findOrCreate(RunLevelContext.java:85)
	at org.jvnet.hk2.internal.Utilities.createService(Utilities.java:2126)
	at org.jvnet.hk2.internal.ServiceHandleImpl.getService(ServiceHandleImpl.java:116)
	at org.jvnet.hk2.internal.ServiceHandleImpl.getService(ServiceHandleImpl.java:90)
	at org.glassfish.hk2.runlevel.internal.CurrentTaskFuture$QueueRunner.oneJob(CurrentTaskFuture.java:1237)
	at org.glassfish.hk2.runlevel.internal.CurrentTaskFuture$QueueRunner.run(CurrentTaskFuture.java:1168)
	at weblogic.work.SelfTuningWorkManagerImpl$WorkAdapterImpl.run(SelfTuningWorkManagerImpl.java:681)
	at weblogic.invocation.ComponentInvocationContextManager._runAs(ComponentInvocationContextManager.java:352)
	at weblogic.invocation.ComponentInvocationContextManager.runAs(ComponentInvocationContextManager.java:337)
	at weblogic.work.LivePartitionUtility.doRunWorkUnderContext(LivePartitionUtility.java:57)
	at weblogic.work.PartitionUtility.runWorkUnderContext(PartitionUtility.java:41)
	at weblogic.work.SelfTuningWorkManagerImpl.runWorkUnderContext(SelfTuningWorkManagerImpl.java:655)
	at weblogic.work.ExecuteThread.execute(ExecuteThread.java:420)
	at weblogic.work.ExecuteThread.run(ExecuteThread.java:360)
Caused by: oracle.dfw.common.DiagnosticsException: DFW-40112: failed to execute the adrci commands ""
Cause: There was an error executing adrci commands; the following errors have been found "null"
Action: Ensure that command line tool "adrci" can be executed from the command line.
	at oracle.dfw.impl.incident.ADRHelper.invoke(ADRHelper.java:1660)
	at oracle.dfw.impl.incident.ADRHelper.<init>(ADRHelper.java:248)
	... 76 more

Mar 25, 2021 7:30:17 PM oracle.dms.servlet.DMSServletFilter setEagerlySetContextValues
INFO: The setting that controls the eager fetching of some types of execution context data has been set to true.
<Mar 25, 2021 7:30:18,511 PM EDT> <Notice> <JMX> <BEA-149512> <JMX Connector Server started at service:jmx:iiop://127.0.0.1:7101/jndi/weblogic.management.mbeanservers.edit.> 
<Mar 25, 2021 7:30:20,742 PM EDT> <Notice> <WebLogicServer> <BEA-000365> <Server state changed to STANDBY.> 
<Mar 25, 2021 7:30:20,745 PM EDT> <Notice> <WebLogicServer> <BEA-000365> <Server state changed to STARTING.> 
<Mar 25, 2021 7:30:20,804 PM EDT> <Notice> <Log Management> <BEA-170036> <The Logging monitoring service timer has started to check for logged message counts every 30 seconds.> 
<Mar 25, 2021 7:30:20,811 PM EDT> <Notice> <Log Management> <BEA-170032> <The Server has detected ODL configuration for java.util.logging. The PlatformLoggerLevels attribute configuration on the LogMBean will be ignored.> 
<oracle.ods.virtualization.engine.util.VDELogger> <VDELogger> <info> <Notification sent for Mapping config object reloaded> 
<oracle.as.jmx.framework.MessageLocalizationHelper> <MessageLocalizationHelper> <getLocalizedMessage> <The resource for bundle "oracle.iam.management.ovd.config.mbeans.MessageBundle_en" with key "ProviderConfigMXBean.deleteKeyStore" cannot be found.> 
<oracle.as.jmx.framework.MessageLocalizationHelper> <MessageLocalizationHelper> <getLocalizedMessage> <The resource for bundle "oracle.iam.management.ovd.config.mbeans.MessageBundle_en" with key "ProviderConfigMXBean.changeKeyStorePassword" cannot be found.> 
<oracle.ods.virtualization.engine.util.VDELogger> <VDELogger> <info> <Notification sent for Mapping config object reloaded> 
<Mar 25, 2021 7:30:26,909 PM EDT> <Warning> <Store> <BEA-280109> <The JVM was unable to load the native wlfileio library for the store "mds-owsm". File and paging stores will continue to function correctly. Specifically, file stores that are configured with a transactionally safe synchronous write policy will continue to operate safely and transactionally but may open with a different write-policy. Other store types may not be able to open.> 
<Mar 25, 2021 7:30:40,900 PM EDT> <Notice> <JMX> <BEA-149535> <JMX Resiliency Activity Server=DefaultServer : Initializing callbacks> 
<Mar 25, 2021 7:30:40,902 PM EDT> <Notice> <JMX> <BEA-149535> <JMX Resiliency Activity Server=DefaultServer : Added MBeanServerConnection in DomainRuntimeServiceMBean > 
<Mar 25, 2021 7:30:40,902 PM EDT> <Notice> <JMX> <BEA-149535> <JMX Resiliency Activity Server=DefaultServer : Callback is done> 
<Mar 25, 2021 7:30:40,904 PM EDT> <Notice> <JMX> <BEA-149535> <JMX Resiliency Activity Server=DefaultServer : Connection already exists for the server. Did not attempt to connect to the server> 
<oracle.as.jmx.framework.MessageLocalizationHelper> <MessageLocalizationHelper> <getLocalizedMessage> <The resource for bundle "oracle.jrf.i18n.MBeanMessageBundle" with key "oracle.jrf.JRFServiceMBean.getAdminUrl" cannot be found.> 
<oracle.as.jmx.framework.MessageLocalizationHelper> <MessageLocalizationHelper> <getLocalizedMessage> <The resource for bundle "oracle.jrf.i18n.MBeanMessageBundle" with key "oracle.jrf.JRFServiceMBean.getSslAdminUrl" cannot be found.> 
<oracle.ods.virtualization.engine.util.VDELogger> <VDELogger> <info> <Notification sent for Mapping config object reloaded> 
<oracle.as.jmx.framework.MessageLocalizationHelper> <MessageLocalizationHelper> <getLocalizedMessage> <The resource for bundle "oracle.iam.management.ovd.config.mbeans.MessageBundle_en" with key "ProviderConfigMXBean.deleteKeyStore" cannot be found.> 
<oracle.as.jmx.framework.MessageLocalizationHelper> <MessageLocalizationHelper> <getLocalizedMessage> <The resource for bundle "oracle.iam.management.ovd.config.mbeans.MessageBundle_en" with key "ProviderConfigMXBean.changeKeyStorePassword" cannot be found.> 
<oracle.dms.aggregator.TableBuilder> <TableBuilder> <_buildSchema> <Duplicated metric table. Metric table oracle_oam:token_requests will be ignored.> 
<oracle.dms.aggregator.TableBuilder> <TableBuilder> <_buildSchema> <Duplicated metric table. Metric table oracle_oam:core_token_generation will be ignored.> 
<oracle.dms.aggregator.TableBuilder> <TableBuilder> <_buildSchema> <Duplicated metric table. Metric table oracle_oam:core_token_validation will be ignored.> 
<oracle.dms.aggregator.TableBuilder> <TableBuilder> <_buildSchema> <Duplicated metric table. Metric table oracle_oam:partner_requests will be ignored.> 
<oracle.ods.virtualization.engine.util.VDELogger> <VDELogger> <info> <Notification sent for Mapping config object reloaded> 
<oracle.dms.aggregator.TableBuilder> <TableBuilder> <_buildSchema> <Duplicated metric table. Metric table domain_oracle_oam:token_request_rollup will be ignored.> 
<oracle.dms.aggregator.TableBuilder> <TableBuilder> <_buildSchema> <Duplicated metric table. Metric table domain_oracle_oam:token_request_rollup_rate will be ignored.> 
<oracle.dms.aggregator.TableBuilder> <TableBuilder> <_buildSchema> <Duplicated metric table. Metric table domain_oracle_oam:core_token_generation_rollup will be ignored.> 
<oracle.dms.aggregator.TableBuilder> <TableBuilder> <_buildSchema> <Duplicated metric table. Metric table domain_oracle_oam:core_token_generation_rollup_rate will be ignored.> 
<oracle.dms.aggregator.TableBuilder> <TableBuilder> <_buildSchema> <Duplicated metric table. Metric table domain_oracle_oam:core_token_validation_rollup will be ignored.> 
<oracle.dms.aggregator.TableBuilder> <TableBuilder> <_buildSchema> <Duplicated metric table. Metric table domain_oracle_oam:core_token_validation_rollup_rate will be ignored.> 
<oracle.dms.aggregator.TableBuilder> <TableBuilder> <_buildSchema> <Duplicated metric table. Metric table domain_oracle_oam:partner_request_rollup will be ignored.> 
<oracle.dms.aggregator.TableBuilder> <TableBuilder> <_buildSchema> <Duplicated metric table. Metric table domain_oracle_oam:partner_request_rollup_rate will be ignored.> 
<oracle.adf.common> <AdfDiagnosticsJarsVersionDumpImpl> <executeDump> <Path of the jars version dump :/Users/GripGlebe/.jdeveloper/system12.2.1.4.42.190911.2248/DefaultDomain/servers/DefaultServer/logs/wsm-pm-Versions.csv> 
<Mar 25, 2021 7:30:59,073 PM EDT> <Notice> <Log Management> <BEA-170027> <The server has successfully established a connection with the Domain level Diagnostic Service.> 
<Mar 25, 2021 7:30:59,710 PM EDT> <Notice> <WebLogicServer> <BEA-000365> <Server state changed to ADMIN.> 
<Mar 25, 2021 7:30:59,972 PM EDT> <Notice> <WebLogicServer> <BEA-000365> <Server state changed to RESUMING.> 
<Mar 25, 2021 7:30:59,972 PM EDT> <Notice> <JMX> <BEA-149535> <JMX Resiliency Activity Server=All Servers : Resolving connection list DomainRuntimeServiceMBean> 
<Mar 25, 2021 7:31:00,202 PM EDT> <Notice> <Server> <BEA-002613> <Channel "Default" is now listening on 127.0.0.1:7101 for protocols iiop, t3, ldap, snmp, http.> 
<Mar 25, 2021 7:31:00,260 PM EDT> <Notice> <Security> <BEA-090171> <Loading the identity certificate and private key stored under the alias DemoIdentity from the kss keystore file kss://system/demoidentity.> 
<oracle.security.opss.internal.runtime.ServiceContextManagerImpl> <ServiceContextManagerImpl> <getContext> <Bootstrap services are used by OPSS internally and clients should never need to directly read/write bootstrap credentials. If required, use Wlst or configuration management interfaces.> 
<Mar 25, 2021 7:31:00,368 PM EDT> <Notice> <Security> <BEA-090169> <Loading trusted certificates from the kss keystore file kss://system/trust.> 
<oracle.security.opss.internal.runtime.ServiceContextManagerImpl> <ServiceContextManagerImpl> <getContext> <Bootstrap services are used by OPSS internally and clients should never need to directly read/write bootstrap credentials. If required, use Wlst or configuration management interfaces.> 
<Mar 25, 2021 7:31:00,390 PM EDT> <Notice> <Security> <BEA-090169> <Loading trusted certificates from the jks keystore file /Library/Java/JavaVirtualMachines/jdk1.8.0_251.jdk/Contents/Home/jre/lib/security/cacerts.> 
<Mar 25, 2021 7:31:00,432 PM EDT> <Notice> <Server> <BEA-002613> <Channel "DefaultSecure" is now listening on 127.0.0.1:7102 for protocols iiops, t3s, ldaps, https.> 
<Mar 25, 2021 7:31:00,432 PM EDT> <Notice> <WebLogicServer> <BEA-000331> <Started the WebLogic Server Administration Server "DefaultServer" for domain "DefaultDomain" running in development mode.> 
<Mar 25, 2021 7:31:00,432 PM EDT> <Notice> <Server> <BEA-002613> <Channel "Default" is now listening on 127.0.0.1:7101 for protocols iiop, t3, ldap, snmp, http.> 
<Mar 25, 2021 7:31:00,433 PM EDT> <Notice> <Server> <BEA-002613> <Channel "DefaultSecure" is now listening on 127.0.0.1:7102 for protocols iiops, t3s, ldaps, https.> 
<Mar 25, 2021 7:31:01,310 PM EDT> <Notice> <WebLogicServer> <BEA-000360> <The server started in RUNNING mode.> 
<Mar 25, 2021 7:31:01,340 PM EDT> <Notice> <WebLogicServer> <BEA-000365> <Server state changed to RUNNING.> 
IntegratedWebLogicServer startup time: 68382 ms.
[IntegratedWebLogicServer started.]
Listening for transport dt_socket at address: 58638
[07:33:04 PM] [IntegratedWebLogicServer is shutting down.  All applications currently running will be terminated and undeployed.]
[Terminating IntegratedWebLogicServer.]
<Mar 25, 2021 7:33:05,045 PM EDT> <Notice> <Server> <BEA-002638> <Graceful shutdown of DefaultServer was issued remotely from 127.0.0.1.> 
<Mar 25, 2021 7:33:05,069 PM EDT> <Notice> <WebLogicServer> <BEA-000396> <Server shutdown has been requested by weblogic.> 
<Mar 25, 2021 7:33:05,073 PM EDT> <Notice> <WebLogicServer> <BEA-000365> <Server state changed to SUSPENDING.> 
<Mar 25, 2021 7:33:06,073 PM EDT> <Notice> <WebLogicServer> <BEA-000365> <Server state changed to ADMIN.> 
<Mar 25, 2021 7:33:06,075 PM EDT> <Notice> <WebLogicServer> <BEA-000365> <Server state changed to SHUTTING_DOWN.> 
<Mar 25, 2021 7:33:06,126 PM EDT> <Notice> <Log Management> <BEA-170037> <The log monitoring service timer has been stopped.> 
<Mar 25, 2021 7:33:06,234 PM EDT> <Warning> <JMX> <BEA-149513> <JMX Connector Server stopped at service:jmx:iiop://127.0.0.1:7101/jndi/weblogic.management.mbeanservers.edit.> 
<Mar 25, 2021 7:33:06,235 PM EDT> <Warning> <JMX> <BEA-149513> <JMX Connector Server stopped at service:jmx:iiop://127.0.0.1:7101/jndi/weblogic.management.mbeanservers.domainruntime.> 
<Mar 25, 2021 7:33:08,093 PM EDT> <Warning> <Management> <BEA-141269> <The temporary bean tree undoUnactivatedChanges.interface weblogic.j2ee.descriptor.wl.JDBCDataSourceBean(Thu Mar 25 19:31:02 EDT 2021) was allocated for an undo, get, or activate operation, but has not been garbage collected.> 
<Mar 25, 2021 7:33:08,093 PM EDT> <Warning> <Management> <BEA-141269> <The temporary bean tree undoUnactivatedChanges.interface weblogic.j2ee.descriptor.wl.JDBCDataSourceBean(Thu Mar 25 19:31:02 EDT 2021) was allocated for an undo, get, or activate operation, but has not been garbage collected.> 
<Mar 25, 2021 7:33:08,093 PM EDT> <Warning> <Management> <BEA-141269> <The temporary bean tree undoUnactivatedChanges.interface weblogic.coherence.descriptor.wl.WeblogicCoherenceBean(Thu Mar 25 19:31:02 EDT 2021) was allocated for an undo, get, or activate operation, but has not been garbage collected.> 
<Mar 25, 2021 7:33:08,093 PM EDT> <Warning> <Management> <BEA-141269> <The temporary bean tree undoUnactivatedChanges.interface weblogic.j2ee.descriptor.wl.JDBCDataSourceBean(Thu Mar 25 19:31:02 EDT 2021) was allocated for an undo, get, or activate operation, but has not been garbage collected.> 
<Mar 25, 2021 7:33:08,093 PM EDT> <Warning> <Management> <BEA-141269> <The temporary bean tree undoUnactivatedChanges.interface weblogic.j2ee.descriptor.wl.JDBCDataSourceBean(Thu Mar 25 19:31:02 EDT 2021) was allocated for an undo, get, or activate operation, but has not been garbage collected.> 
<Mar 25, 2021 7:33:08,093 PM EDT> <Warning> <Management> <BEA-141269> <The temporary bean tree undoUnactivatedChanges.interface weblogic.j2ee.descriptor.wl.JDBCDataSourceBean(Thu Mar 25 19:31:02 EDT 2021) was allocated for an undo, get, or activate operation, but has not been garbage collected.> 
<Mar 25, 2021 7:33:08,093 PM EDT> <Warning> <Management> <BEA-141269> <The temporary bean tree undoUnactivatedChanges.interface weblogic.j2ee.descriptor.wl.JDBCDataSourceBean(Thu Mar 25 19:31:02 EDT 2021) was allocated for an undo, get, or activate operation, but has not been garbage collected.> 
<Mar 25, 2021 7:33:08,093 PM EDT> <Warning> <Management> <BEA-141269> <The temporary bean tree undoUnactivatedChanges.interface weblogic.diagnostics.descriptor.WLDFResourceBean(Thu Mar 25 19:31:02 EDT 2021) was allocated for an undo, get, or activate operation, but has not been garbage collected.> 
<oracle.adf.common> <ServletADFContext> <validateContextAlreadyOnThread> <Found oracle.adf.share.DefaultContext sticking to oldContext, while the current application is wsm-pm> 
<Mar 25, 2021 7:33:08,861 PM EDT> <Warning> <JMX> <BEA-149513> <JMX Connector Server stopped at service:jmx:iiop://127.0.0.1:7101/jndi/weblogic.management.mbeanservers.runtime.> 
<Mar 25, 2021 7:33:08,895 PM EDT> <Error> <Kernel> <BEA-000802> <ExecuteRequest failed
 java.lang.IllegalStateException.
java.lang.IllegalStateException
	at weblogic.timers.internal.TimerManagerImpl$1.add(TimerManagerImpl.java:85)
	at weblogic.timers.internal.TimerManagerImpl.add(TimerManagerImpl.java:629)
	at weblogic.timers.internal.TimerManagerImpl.schedule(TimerManagerImpl.java:437)
	at weblogic.timers.internal.TimerManagerImpl.schedule(TimerManagerImpl.java:383)
	at weblogic.ldap.EmbeddedLDAP$EmbeddedLDAPTimedActivity.timerExpired(EmbeddedLDAP.java:1162)
	Truncated. see log file for complete stacktrace
> 
Stopping Derby server...
Derby server stopped.
Process exited.
[IntegratedWebLogicServer terminated.]
Debugger disconnected from local process.
