/Users/GripGlebe/jdeveloper/mywork>
/Library/Java/JavaVirtualMachines/adoptopenjdk-8.jdk/Contents/Home/bin/java -server -classpath "/Users/GripGlebe/jdeveloper/mywork/IFCParaclete/.adf:/Users/GripGlebe/jdeveloper/mywork/IFCParaclete/MaxineCode/classes:/Users/GripGlebe/.jdeveloper/guava-30.1-jre.jar:/Users/GripGlebe/.jdeveloper/asm-6.0-maxine.jar:/Users/GripGlebe/.jdeveloper/asm-util-6.0-maxine.jar:/Users/GripGlebe/.jdeveloper/junit-4.12.jar:/Users/GripGlebe/.jdeveloper/okra-1.9.jar:/Users/GripGlebe/Projects/JavaJDK/src copy/org.jar:/Users/GripGlebe/.jdeveloper/apache-log4j-2.14.1-bin/log4j-api-2.14.1-sources.jar:/Users/GripGlebe/.jdeveloper/apache-log4j-2.14.1-bin/log4j-api-2.14.1.jar:/Users/GripGlebe/.jdeveloper/apache-log4j-2.14.1-bin/log4j-core-2.14.1-sources.jar:/Users/GripGlebe/.jdeveloper/apache-log4j-2.14.1-bin/log4j-core-2.14.1.jar:/Users/GripGlebe/.jdeveloper/apache-log4j-2.14.1-bin/log4j-iostreams-2.14.1.jar" -Djavax.net.ssl.trustStore=/var/folders/j2/wrcj5bc56kg6lbtp7_2065t00000gp/T/trustStore7634264737133612873.jks test.output.TestAliasClass MAXINE_HOME=/Users/GripGlebe/Projects/MaxineProjectNewCode/maxine-src/maxine MX_HOME=/Users/GripGlebe/Projects/MaxineProjectNewCode/mx WORKDIR=/Users/GripGlebe/Projects/MaxineProjectNewCode/maxine-src MAXINE_LOG_FILE=/Users/GripGlebe/Projects/MaxineProjectNewCode/maxine-src/maxine/maxine.log MAXINE_TRACE_FILE=/Users/GripGlebe/Projects/MaxineProjectNewCode/maxine-src/maxine/maxine.trace HISTCONTROL=ignoreboth:erasedups PATH_TO_CANVAS=/Users/GripGlebe/Projects/RubyProjects/canvas
Exception in thread "main" com.sun.max.program.ProgramError: Unexpected Program Error: failed to find the workspace
	at com.sun.max.program.ProgramError.unexpected(ProgramError.java:119)
	at com.sun.max.program.ProgramError.check(ProgramError.java:84)
	at com.sun.max.ide.JavaProject.findWorkspace(JavaProject.java:153)
	at com.sun.max.ide.JavaProject.findWorkspace(JavaProject.java:140)
	at com.sun.max.vm.hosted.Prototype.loadLibrary(Prototype.java:85)
	at com.sun.max.vm.hosted.Prototype.loadHostedLibrary(Prototype.java:102)
	at com.sun.max.platform.Platform.hasIDiv(Platform.java:458)
	at com.sun.max.platform.Platform.createTarget(Platform.java:210)
	at com.sun.max.platform.Platform.<init>(Platform.java:298)
	at com.sun.max.platform.Platform.<init>(Platform.java:282)
	at com.sun.max.platform.Platform.<clinit>(Platform.java:552)
	at com.sun.max.unsafe.Word.widthValue(Word.java:121)
	at com.sun.max.unsafe.Word.width(Word.java:126)
	at com.sun.max.unsafe.Word.<init>(Word.java:97)
	at com.sun.max.unsafe.Address.<init>(Address.java:530)
	at com.sun.max.unsafe.Address.<clinit>(Address.java:507)
	at com.sun.max.vm.VMOption.<init>(VMOption.java:133)
	at com.sun.max.vm.VMStringOption.<init>(VMStringOption.java:55)
	at com.sun.max.vm.VMOptions$2.<init>(VMOptions.java:318)
	at com.sun.max.vm.VMOptions.<clinit>(VMOptions.java:318)
	at com.sun.max.vm.actor.holder.ClassIDManager.<clinit>(ClassIDManager.java:135)
	at com.sun.max.vm.actor.holder.ClassActor.<clinit>(ClassActor.java:157)
	at test.output.TestAliasClass.<clinit>(TestAliasClass.java:14)
Process exited with exit code 1.
